0.0031184902887319566,0.374100719,0.0031184902887319566
0.03509173926728848,0.553956835,0.03509173926728848
0.0073684106034146435,0.388489209,0.0073684106034146435
-0.0023690343590315743,0.388489209,-0.0023690343590315743
-0.006558117476824277,0.402877698,-0.006558117476824277
-0.00715807647106137,0.294964029,-0.00715807647106137
0.01980325315459408,0.568345324,0.01980325315459408
-0.008586815699305916,0.45323741,-0.008586815699305916
-0.015229555221542235,0.366906475,-0.015229555221542235
0.009982941045390104,0.71942446,0.009982941045390104
0.06622185809736614,0.510791367,0.06622185809736614
-0.0028672018184439096,0.748201439,-0.0028672018184439096
0.015340202223832478,0.73381295,0.015340202223832478
-0.026309829826154207,0.330935252,-0.026309829826154207
0.022485222022974954,0.09352518,0.022485222022974954
-0.017225397266142584,0.165467626,-0.017225397266142584
0.01991423890912336,0.582733813,0.01991423890912336
-0.028616296793865292,0.194244604,-0.028616296793865292
0.03956466161977501,0.525179856,0.03956466161977501
0.030921590358260254,0.525179856,0.030921590358260254
0.022159262444807704,0.582733813,0.022159262444807704
-0.010647564018255729,0.683453237,-0.010647564018255729
-0.10400029525265908,0.928057554,-0.10400029525265908
-4.662001898450563E-4,0.352517986,-4.662001898450563E-4
0.0032697741850221396,0.100719424,0.0032697741850221396
-0.05378688928330455,0.251798561,-0.05378688928330455
-0.05427708651945945,0.395683453,-0.05427708651945945
-0.04392512716656749,0.870503597,-0.04392512716656749
-0.046471728466190854,0.870503597,-0.046471728466190854
-0.14310303303586291,1.0,-0.14310303303586291
-0.006109039678108497,0.460431655,-0.006109039678108497
-0.0421220493784521,0.410071942,-0.0421220493784521
0.02392819744820901,0.474820144,0.02392819744820901
-0.02106543425804125,0.338129496,-0.02106543425804125
-0.007673535481864169,0.446043165,-0.007673535481864169
0.06259444316064101,0.0,0.06259444316064101
0.011228949401172361,0.446043165,0.011228949401172361
0.0014830026975528598,0.446043165,0.0014830026975528598
0.003697916549266489,0.467625899,0.003697916549266489
-0.002137148103343506,0.230215827,-0.002137148103343506
0.015075002044152963,0.424460432,0.015075002044152963
-0.009269135481820956,0.482014388,-0.009269135481820956
-0.00541428306180293,0.107913669,-0.00541428306180293
0.006021980001023858,0.107913669,0.006021980001023858
0.0019707802997624008,0.107913669,0.0019707802997624008
